Determining if the pthread_create exist failed with the following output:
Change Dir: /home/drones/catkin_ws/build/CMakeFiles/CMakeTmp

Run Build Command:"/usr/bin/make" "cmTC_fe834/fast"
/usr/bin/make -f CMakeFiles/cmTC_fe834.dir/build.make CMakeFiles/cmTC_fe834.dir/build
make[1]: Entering directory '/home/drones/catkin_ws/build/CMakeFiles/CMakeTmp'
Building C object CMakeFiles/cmTC_fe834.dir/CheckSymbolExists.c.o
/usr/bin/cc    -o CMakeFiles/cmTC_fe834.dir/CheckSymbolExists.c.o   -c /home/drones/catkin_ws/build/CMakeFiles/CMakeTmp/CheckSymbolExists.c
Linking C executable cmTC_fe834
/usr/bin/cmake -E cmake_link_script CMakeFiles/cmTC_fe834.dir/link.txt --verbose=1
/usr/bin/cc      -rdynamic CMakeFiles/cmTC_fe834.dir/CheckSymbolExists.c.o  -o cmTC_fe834 
CMakeFiles/cmTC_fe834.dir/CheckSymbolExists.c.o: In function `main':
CheckSymbolExists.c:(.text+0x1b): undefined reference to `pthread_create'
collect2: error: ld returned 1 exit status
CMakeFiles/cmTC_fe834.dir/build.make:97: recipe for target 'cmTC_fe834' failed
make[1]: *** [cmTC_fe834] Error 1
make[1]: Leaving directory '/home/drones/catkin_ws/build/CMakeFiles/CMakeTmp'
Makefile:126: recipe for target 'cmTC_fe834/fast' failed
make: *** [cmTC_fe834/fast] Error 2

File /home/drones/catkin_ws/build/CMakeFiles/CMakeTmp/CheckSymbolExists.c:
/* */
#include <pthread.h>

int main(int argc, char** argv)
{
  (void)argv;
#ifndef pthread_create
  return ((int*)(&pthread_create))[argc];
#else
  (void)argc;
  return 0;
#endif
}

Determining if the function pthread_create exists in the pthreads failed with the following output:
Change Dir: /home/drones/catkin_ws/build/CMakeFiles/CMakeTmp

Run Build Command:"/usr/bin/make" "cmTC_815de/fast"
/usr/bin/make -f CMakeFiles/cmTC_815de.dir/build.make CMakeFiles/cmTC_815de.dir/build
make[1]: Entering directory '/home/drones/catkin_ws/build/CMakeFiles/CMakeTmp'
Building C object CMakeFiles/cmTC_815de.dir/CheckFunctionExists.c.o
/usr/bin/cc   -DCHECK_FUNCTION_EXISTS=pthread_create   -o CMakeFiles/cmTC_815de.dir/CheckFunctionExists.c.o   -c /usr/share/cmake-3.10/Modules/CheckFunctionExists.c
Linking C executable cmTC_815de
/usr/bin/cmake -E cmake_link_script CMakeFiles/cmTC_815de.dir/link.txt --verbose=1
/usr/bin/cc  -DCHECK_FUNCTION_EXISTS=pthread_create    -rdynamic CMakeFiles/cmTC_815de.dir/CheckFunctionExists.c.o  -o cmTC_815de -lpthreads 
/usr/bin/ld: cannot find -lpthreads
collect2: error: ld returned 1 exit status
CMakeFiles/cmTC_815de.dir/build.make:97: recipe for target 'cmTC_815de' failed
make[1]: *** [cmTC_815de] Error 1
make[1]: Leaving directory '/home/drones/catkin_ws/build/CMakeFiles/CMakeTmp'
Makefile:126: recipe for target 'cmTC_815de/fast' failed
make: *** [cmTC_815de/fast] Error 2


